<?xml version="1.0" encoding="UTF-8"?>
<!-- Generated by org.testng.reporters.JUnitReportReporter -->
<testsuite hostname="DESKTOP-VRBAL0D" failures="0" tests="3" name="TestNGBasics.DataProviderDemo" time="70.006" errors="0" timestamp="2023-01-24T13:51:47 IST" skipped="0">
  <testcase classname="TestNGBasics.DataProviderDemo" name="validateLogin" time="20.856"/>
  <system-out/>
  <testcase classname="TestNGBasics.DataProviderDemo" name="validateLogin" time="25.787"/>
  <system-out/>
  <testcase classname="TestNGBasics.DataProviderDemo" name="validateLogin" time="23.363"/>
  <system-out/>
</testsuite> <!-- TestNGBasics.DataProviderDemo -->
