<?xml version="1.0" encoding="UTF-8"?>
<!-- Generated by org.testng.reporters.JUnitReportReporter -->
<testsuite hostname="DESKTOP-VRBAL0D" failures="0" tests="1" name="APITesting.GetAPITest" time="4.150" errors="0" timestamp="2023-02-10T13:15:53 IST" skipped="0">
  <testcase classname="APITesting.GetAPITest" name="getAPITest" time="4.150"/>
  <system-out/>
</testsuite> <!-- APITesting.GetAPITest -->
