<?xml version="1.0" encoding="UTF-8"?>
<!-- Generated by org.testng.reporters.JUnitReportReporter -->
<testsuite hostname="DESKTOP-VRBAL0D" failures="0" tests="5" name="TestNGBasics.GroupsDemo" time="0.013" errors="0" timestamp="2023-01-20T13:17:08 IST" skipped="0">
  <testcase classname="TestNGBasics.GroupsDemo" name="mobileLogin" time="0.002"/>
  <system-out/>
  <testcase classname="TestNGBasics.GroupsDemo" name="reports" time="0.002"/>
  <system-out/>
  <testcase classname="TestNGBasics.GroupsDemo" name="m2" time="0.003"/>
  <system-out/>
  <testcase classname="TestNGBasics.GroupsDemo" name="m1" time="0.005"/>
  <system-out/>
  <testcase classname="TestNGBasics.GroupsDemo" name="webLogin" time="0.001"/>
  <system-out/>
</testsuite> <!-- TestNGBasics.GroupsDemo -->
