<?xml version="1.0" encoding="UTF-8"?>
<!-- Generated by org.testng.reporters.JUnitReportReporter -->
<testsuite hostname="DESKTOP-VRBAL0D" failures="0" tests="5" name="TestNGBasics.PriorityDemo" time="0.015" errors="0" timestamp="2023-01-20T13:17:08 IST" skipped="0">
  <testcase classname="TestNGBasics.PriorityDemo" name="ab" time="0.007"/>
  <system-out/>
  <testcase classname="TestNGBasics.PriorityDemo" name="Apple" time="0.002"/>
  <system-out/>
  <testcase classname="TestNGBasics.PriorityDemo" name="ac" time="0.002"/>
  <system-out/>
  <testcase classname="TestNGBasics.PriorityDemo" name="z1" time="0.002"/>
  <system-out/>
  <testcase classname="TestNGBasics.PriorityDemo" name="tesla" time="0.002"/>
  <system-out/>
</testsuite> <!-- TestNGBasics.PriorityDemo -->
