<?xml version="1.0" encoding="UTF-8"?>
<!-- Generated by org.testng.reporters.JUnitReportReporter -->
<testsuite hostname="DESKTOP-VRBAL0D" failures="0" tests="1" name="TestNGBasics.XMLParameters" time="22.658" errors="0" timestamp="2023-01-20T13:49:23 IST" skipped="0">
  <testcase classname="TestNGBasics.XMLParameters" name="validateLogin" time="22.658"/>
  <system-out/>
</testsuite> <!-- TestNGBasics.XMLParameters -->
