<?xml version="1.0" encoding="UTF-8"?>
<!-- Generated by org.testng.reporters.JUnitReportReporter -->
<testsuite hostname="DESKTOP-VRBAL0D" failures="0" tests="3" name="TestNGBasics.XMLReport" time="0.010" errors="0" timestamp="2023-01-20T13:17:08 IST" skipped="0">
  <testcase classname="TestNGBasics.XMLReport" name="tc2" time="0.005"/>
  <system-out/>
  <testcase classname="TestNGBasics.XMLReport" name="tc1" time="0.003"/>
  <system-out/>
  <testcase classname="TestNGBasics.XMLReport" name="tc3" time="0.002"/>
  <system-out/>
</testsuite> <!-- TestNGBasics.XMLReport -->
