<?xml version="1.0" encoding="UTF-8"?>
<!-- Generated by org.testng.reporters.JUnitReportReporter -->
<testsuite hostname="DESKTOP-VRBAL0D" failures="0" tests="5" name="TestNGBasics.InvocationCountDemo" time="0.009" errors="0" timestamp="2023-01-20T13:17:08 IST" skipped="1">
  <testcase classname="TestNGBasics.InvocationCountDemo" name="tc1" time="0.001"/>
  <system-out/>
  <testcase classname="TestNGBasics.InvocationCountDemo" name="tc1" time="0.001"/>
  <system-out/>
  <testcase classname="TestNGBasics.InvocationCountDemo" name="tc2" time="0.002"/>
  <system-out/>
  <testcase classname="TestNGBasics.InvocationCountDemo" name="tc1" time="0.005"/>
  <system-out/>
  <testcase classname="TestNGBasics.InvocationCountDemo" name="tc3">
    <skipped/>
  </testcase> <!-- tc3 -->
  <system-out/>
</testsuite> <!-- TestNGBasics.InvocationCountDemo -->
