<?xml version="1.0" encoding="UTF-8"?>
<!-- Generated by org.testng.reporters.JUnitReportReporter -->
<testsuite hostname="DESKTOP-VRBAL0D" failures="0" tests="2" name="TestNGBasics.Annotations" time="0.009" errors="0" timestamp="2023-01-20T13:17:08 IST" skipped="0">
  <testcase classname="TestNGBasics.Annotations" name="validateTitle" time="0.004"/>
  <system-out/>
  <testcase classname="TestNGBasics.Annotations" name="validateLogin" time="0.005"/>
  <system-out/>
</testsuite> <!-- TestNGBasics.Annotations -->
